<?xml version="1.0" encoding="UTF-8"?>
<testng-results ignored="0" total="5" passed="5" failed="0" skipped="0">
  <reporter-output>
  </reporter-output>
  <suite started-at="2023-07-16T21:19:48 CEST" name="Suite" finished-at="2023-07-16T21:19:48 CEST" duration-ms="27">
    <groups>
      <group name="SmokeTest">
        <method signature="day1.greeting()[pri:0, instance:test.day1@2b91004a]" name="greeting" class="test.day1"/>
        <method signature="day2.wishBirthday()[pri:0, instance:test.day2@4229bb3f]" name="wishBirthday" class="test.day2"/>
        <method signature="day3.APILoginHomeLoan()[pri:0, instance:test.day3@3d6f0054]" name="APILoginHomeLoan" class="test.day3"/>
        <method signature="day4.APIGetDataCarFinance()[pri:0, instance:test.day4@56cdfb3b]" name="APIGetDataCarFinance" class="test.day4"/>
        <method signature="day4.APILoginCarFinance()[pri:0, instance:test.day4@56cdfb3b]" name="APILoginCarFinance" class="test.day4"/>
      </group> <!-- SmokeTest -->
    </groups>
    <test started-at="2023-07-16T21:19:48 CEST" name="Test" finished-at="2023-07-16T21:19:48 CEST" duration-ms="27">
      <class name="test.day4">
        <test-method signature="APIGetDataCarFinance()[pri:0, instance:test.day4@56cdfb3b]" started-at="2023-07-16T21:19:48 CEST" name="APIGetDataCarFinance" finished-at="2023-07-16T21:19:48 CEST" duration-ms="0" status="PASS">
          <reporter-output>
          </reporter-output>
        </test-method> <!-- APIGetDataCarFinance -->
        <test-method signature="APILoginCarFinance()[pri:0, instance:test.day4@56cdfb3b]" started-at="2023-07-16T21:19:48 CEST" name="APILoginCarFinance" finished-at="2023-07-16T21:19:48 CEST" duration-ms="1" status="PASS">
          <reporter-output>
          </reporter-output>
        </test-method> <!-- APILoginCarFinance -->
      </class> <!-- test.day4 -->
      <class name="test.day2">
        <test-method signature="wishBirthday()[pri:0, instance:test.day2@4229bb3f]" started-at="2023-07-16T21:19:48 CEST" name="wishBirthday" finished-at="2023-07-16T21:19:48 CEST" duration-ms="0" status="PASS">
          <reporter-output>
          </reporter-output>
        </test-method> <!-- wishBirthday -->
      </class> <!-- test.day2 -->
      <class name="test.day3">
        <test-method signature="APILoginHomeLoan()[pri:0, instance:test.day3@3d6f0054]" started-at="2023-07-16T21:19:48 CEST" name="APILoginHomeLoan" finished-at="2023-07-16T21:19:48 CEST" duration-ms="3" status="PASS">
          <reporter-output>
          </reporter-output>
        </test-method> <!-- APILoginHomeLoan -->
      </class> <!-- test.day3 -->
      <class name="test.day1">
        <test-method signature="greeting()[pri:0, instance:test.day1@2b91004a]" started-at="2023-07-16T21:19:48 CEST" name="greeting" finished-at="2023-07-16T21:19:48 CEST" duration-ms="1" status="PASS">
          <reporter-output>
          </reporter-output>
        </test-method> <!-- greeting -->
      </class> <!-- test.day1 -->
    </test> <!-- Test -->
  </suite> <!-- Suite -->
</testng-results>
