<?xml version="1.0" encoding="UTF-8"?>
<!-- Generated by org.testng.reporters.JUnitXMLReporter -->
<testsuite ignored="0" hostname="Yaseens-MacBook-Pro.local" failures="0" tests="4" name="Default test" time="0.026" errors="0" timestamp="2023-07-16T20:11:02 CEST">
  <testcase classname="ListnerInterface.testcasesClass" name="test1" time="0.003"/>
  <testcase classname="ListnerInterface.testcasesClass" name="test2" time="0.001"/>
  <testcase classname="ListnerInterface.testcasesClass" name="test3" time="0.0"/>
  <testcase classname="ListnerInterface.testcasesClass" name="test4" time="0.001"/>
</testsuite> <!-- Default test -->
