<?xml version="1.0" encoding="UTF-8"?>
<!-- Generated by org.testng.reporters.JUnitXMLReporter -->
<testsuite ignored="2" hostname="Yaseens-MacBook-Pro.local" failures="0" tests="2" name="Car Finance" time="0.006" errors="0" timestamp="2023-07-16T11:08:49 CEST">
  <testcase classname="test.day4" name="MobileLoginCarFinance" time="0.0"/>
  <testcase classname="test.day4" name="WebLoginCarFinance" time="0.0"/>
  <testcase classname="test.day4" name="APILoginCarFinance" time="0.0">
    <ignored/>
  </testcase> <!-- APILoginCarFinance -->
  <testcase classname="test.day4" name="APIGetDataCarFinance" time="0.0">
    <ignored/>
  </testcase> <!-- APIGetDataCarFinance -->
</testsuite> <!-- Car Finance -->
