<?xml version="1.0" encoding="UTF-8"?>
<!-- Generated by org.testng.reporters.JUnitXMLReporter -->
<testsuite ignored="0" hostname="Yaseens-MacBook-Pro.local" failures="0" tests="3" name="Home Finance" time="0.005" errors="0" timestamp="2023-07-09T14:43:51 CEST">
  <testcase classname="test.day3" name="APILoginHomeLoan" time="0.001"/>
  <testcase classname="test.day3" name="MobileLoginHomeLoan" time="0.0"/>
  <testcase classname="test.day3" name="WebLoginHomeLoan" time="0.0"/>
</testsuite> <!-- Home Finance -->
