<?xml version="1.0" encoding="UTF-8"?>
<!-- Generated by org.testng.reporters.JUnitXMLReporter -->
<testsuite ignored="2" hostname="Yaseens-MacBook-Pro.local" failures="0" tests="1" name="Home Loan" time="0.002" errors="0" timestamp="2023-07-16T11:08:49 CEST">
  <testcase classname="test.day3" name="MobileLoginHomeLoan" time="0.0"/>
  <testcase classname="test.day3" name="WebLoginHomeLoan" time="0.0">
    <ignored/>
  </testcase> <!-- WebLoginHomeLoan -->
  <testcase classname="test.day3" name="APILoginHomeLoan" time="0.0">
    <ignored/>
  </testcase> <!-- APILoginHomeLoan -->
</testsuite> <!-- Home Loan -->
