<?xml version="1.0" encoding="UTF-8"?>
<!-- Generated by org.testng.reporters.JUnitXMLReporter -->
<testsuite ignored="7" hostname="Yaseens-MacBook-Pro.local" failures="0" tests="5" name="Test" time="0.027" errors="0" timestamp="2023-07-16T21:19:48 CEST">
  <testcase classname="test.day3" name="APILoginHomeLoan" time="0.003"/>
  <testcase classname="test.day2" name="wishBirthday" time="0.0"/>
  <testcase classname="test.day4" name="APIGetDataCarFinance" time="0.0"/>
  <testcase classname="test.day4" name="APILoginCarFinance" time="0.001"/>
  <testcase classname="test.day1" name="greeting" time="0.001"/>
  <testcase classname="test.day1" name="wishGoodNight" time="0.0">
    <ignored/>
  </testcase> <!-- wishGoodNight -->
  <testcase classname="test.day3" name="MobileLoginHomeLoan" time="0.0">
    <ignored/>
  </testcase> <!-- MobileLoginHomeLoan -->
  <testcase classname="test.day4" name="MobileLoginCarFinance" time="0.0">
    <ignored/>
  </testcase> <!-- MobileLoginCarFinance -->
  <testcase classname="test.day4" name="WebLoginCarFinance" time="0.0">
    <ignored/>
  </testcase> <!-- WebLoginCarFinance -->
  <testcase classname="test.day1" name="wishGoodMorning" time="0.0">
    <ignored/>
  </testcase> <!-- wishGoodMorning -->
  <testcase classname="test.day3" name="WebLoginHomeLoan" time="0.0">
    <ignored/>
  </testcase> <!-- WebLoginHomeLoan -->
  <testcase classname="test.day2" name="wishWedding" time="0.0">
    <ignored/>
  </testcase> <!-- wishWedding -->
</testsuite> <!-- Test -->
